########### array before sorts ###########
0	6.350000	67.310000	86.995000	67.310000	n
1	86.995000	67.310000	88.638501	67.093629	n
2	88.638501	67.093629	90.170000	66.459261	n
3	90.170000	66.459261	91.485128	65.450128	n
4	91.485128	65.450128	92.494261	64.135000	n
5	92.494261	64.135000	93.128629	62.603501	n
6	93.128629	62.603501	93.345000	60.960000	n
7	93.345000	60.960000	93.345000	-60.960000	n
8	6.350000	67.310000	4.706499	67.093629	n
9	4.706499	67.093629	3.175000	66.459261	n
10	3.175000	66.459261	1.859872	65.450128	n
11	1.859872	65.450128	0.850739	64.135000	n
12	0.850739	64.135000	0.216371	62.603501	n
13	0.216371	62.603501	0.000000	60.960000	n
14	0.000000	60.960000	0.000000	-60.960000	n
15	0.000000	-60.960000	0.216371	-62.603501	n
16	0.216371	-62.603501	0.850739	-64.135000	n
17	0.850739	-64.135000	1.859872	-65.450128	n
18	1.859872	-65.450128	3.175000	-66.459261	n
19	3.175000	-66.459261	4.706499	-67.093629	n
20	4.706499	-67.093629	6.350000	-67.310000	n
21	6.350000	-67.310000	86.995000	-67.310000	n
22	93.345000	-60.960000	93.128629	-62.603501	n
23	93.128629	-62.603501	92.494261	-64.135000	n
24	92.494261	-64.135000	91.485128	-65.450128	n
25	91.485128	-65.450128	90.170000	-66.459261	n
26	90.170000	-66.459261	88.638501	-67.093629	n
27	88.638501	-67.093629	86.995000	-67.310000	n
Tolerance=0.050000.
*Exact match for i=0 and j=1.
*i point 6.350000	67.310000	86.995000	67.310000	y
*Exact match for i=1 and j=2.
*i point 86.995000	67.310000	88.638501	67.093629	y
*Exact match for i=2 and j=3.
*i point 88.638501	67.093629	90.170000	66.459261	y
*Exact match for i=3 and j=4.
*i point 90.170000	66.459261	91.485128	65.450128	y
*Exact match for i=4 and j=5.
*i point 91.485128	65.450128	92.494261	64.135000	y
*Exact match for i=5 and j=6.
*i point 92.494261	64.135000	93.128629	62.603501	y
*Exact match for i=6 and j=7.
*i point 93.128629	62.603501	93.345000	60.960000	y
*Exact match for i=7 and j=22.
*i point 93.345000	60.960000	93.345000	-60.960000	y
*Exact match for i=8 and j=23.
*i point 93.345000	-60.960000	93.128629	-62.603501	y
*Exact match for i=9 and j=24.
*i point 93.128629	-62.603501	92.494261	-64.135000	y
*Exact match for i=10 and j=25.
*i point 92.494261	-64.135000	91.485128	-65.450128	y
*Exact match for i=11 and j=26.
*i point 91.485128	-65.450128	90.170000	-66.459261	y
*Exact match for i=12 and j=27.
*i point 90.170000	-66.459261	88.638501	-67.093629	y
*Exact match for i=13 and j=21.
*i point 88.638501	-67.093629	86.995000	-67.310000	y
	*Before flip 	6.350000	-67.310000	86.995000	-67.310000	y
	*After flip 	86.995000	-67.310000	6.350000	-67.310000	y
*Exact match for i=14 and j=20.
*i point 86.995000	-67.310000	6.350000	-67.310000	y
	*Before flip 	4.706499	-67.093629	6.350000	-67.310000	y
	*After flip 	6.350000	-67.310000	4.706499	-67.093629	y
*Exact match for i=15 and j=19.
*i point 6.350000	-67.310000	4.706499	-67.093629	y
	*Before flip 	3.175000	-66.459261	4.706499	-67.093629	y
	*After flip 	4.706499	-67.093629	3.175000	-66.459261	y
*Exact match for i=16 and j=18.
*i point 4.706499	-67.093629	3.175000	-66.459261	y
	*Before flip 	1.859872	-65.450128	3.175000	-66.459261	y
	*After flip 	3.175000	-66.459261	1.859872	-65.450128	y
*Exact match for i=17 and j=18.
*i point 3.175000	-66.459261	1.859872	-65.450128	y
	*Before flip 	0.850739	-64.135000	1.859872	-65.450128	y
	*After flip 	1.859872	-65.450128	0.850739	-64.135000	y
*Exact match for i=18 and j=19.
*i point 1.859872	-65.450128	0.850739	-64.135000	y
	*Before flip 	0.216371	-62.603501	0.850739	-64.135000	y
	*After flip 	0.850739	-64.135000	0.216371	-62.603501	y
*Exact match for i=19 and j=20.
*i point 0.850739	-64.135000	0.216371	-62.603501	y
	*Before flip 	0.000000	-60.960000	0.216371	-62.603501	y
	*After flip 	0.216371	-62.603501	0.000000	-60.960000	y
*Exact match for i=20 and j=21.
*i point 0.216371	-62.603501	0.000000	-60.960000	y
	*Before flip 	0.000000	60.960000	0.000000	-60.960000	y
	*After flip 	0.000000	-60.960000	0.000000	60.960000	y
*Exact match for i=21 and j=27.
*i point 0.000000	-60.960000	0.000000	60.960000	y
	*Before flip 	0.216371	62.603501	0.000000	60.960000	y
	*After flip 	0.000000	60.960000	0.216371	62.603501	y
*Exact match for i=22 and j=26.
*i point 0.000000	60.960000	0.216371	62.603501	y
	*Before flip 	0.850739	64.135000	0.216371	62.603501	y
	*After flip 	0.216371	62.603501	0.850739	64.135000	y
*Exact match for i=23 and j=25.
*i point 0.216371	62.603501	0.850739	64.135000	y
	*Before flip 	1.859872	65.450128	0.850739	64.135000	y
	*After flip 	0.850739	64.135000	1.859872	65.450128	y
*Exact match for i=24 and j=25.
*i point 0.850739	64.135000	1.859872	65.450128	y
	*Before flip 	3.175000	66.459261	1.859872	65.450128	y
	*After flip 	1.859872	65.450128	3.175000	66.459261	y
*Exact match for i=25 and j=26.
*i point 1.859872	65.450128	3.175000	66.459261	y
	*Before flip 	4.706499	67.093629	3.175000	66.459261	y
	*After flip 	3.175000	66.459261	4.706499	67.093629	y
*Exact match for i=26 and j=27.
*i point 3.175000	66.459261	4.706499	67.093629	y
	*Before flip 	6.350000	67.310000	4.706499	67.093629	y
	*After flip 	4.706499	67.093629	6.350000	67.310000	y
########### array after sorts ###########
0	6.350000	67.310000	86.995000	67.310000	y
1	86.995000	67.310000	88.638501	67.093629	y
2	88.638501	67.093629	90.170000	66.459261	y
3	90.170000	66.459261	91.485128	65.450128	y
4	91.485128	65.450128	92.494261	64.135000	y
5	92.494261	64.135000	93.128629	62.603501	y
6	93.128629	62.603501	93.345000	60.960000	y
7	93.345000	60.960000	93.345000	-60.960000	y
8	93.345000	-60.960000	93.128629	-62.603501	y
9	93.128629	-62.603501	92.494261	-64.135000	y
10	92.494261	-64.135000	91.485128	-65.450128	y
11	91.485128	-65.450128	90.170000	-66.459261	y
12	90.170000	-66.459261	88.638501	-67.093629	y
13	88.638501	-67.093629	86.995000	-67.310000	y
14	86.995000	-67.310000	6.350000	-67.310000	y
15	6.350000	-67.310000	4.706499	-67.093629	y
16	4.706499	-67.093629	3.175000	-66.459261	y
17	3.175000	-66.459261	1.859872	-65.450128	y
18	1.859872	-65.450128	0.850739	-64.135000	y
19	0.850739	-64.135000	0.216371	-62.603501	y
20	0.216371	-62.603501	0.000000	-60.960000	y
21	0.000000	-60.960000	0.000000	60.960000	y
22	0.000000	60.960000	0.216371	62.603501	y
23	0.216371	62.603501	0.850739	64.135000	y
24	0.850739	64.135000	1.859872	65.450128	y
25	1.859872	65.450128	3.175000	66.459261	y
26	3.175000	66.459261	4.706499	67.093629	y
27	4.706499	67.093629	6.350000	67.310000	y
***************
.BOARD_OUTLINE UNOWNED
1.6
0     6.350000     67.310000     0
0     86.995000     67.310000     0
0     88.638501     67.093629     0
0     90.170000     66.459261     0
0     91.485128     65.450128     0
0     92.494261     64.135000     0
0     93.128629     62.603501     0
0     93.345000     60.960000     0
0     93.345000     -60.960000     0
0     93.128629     -62.603501     0
0     92.494261     -64.135000     0
0     91.485128     -65.450128     0
0     90.170000     -66.459261     0
0     88.638501     -67.093629     0
0     86.995000     -67.310000     0
0     6.350000     -67.310000     0
0     4.706499     -67.093629     0
0     3.175000     -66.459261     0
0     1.859872     -65.450128     0
0     0.850739     -64.135000     0
0     0.216371     -62.603501     0
0     0.000000     -60.960000     0
0     0.000000     60.960000     0
0     0.216371     62.603501     0
0     0.850739     64.135000     0
0     1.859872     65.450128     0
0     3.175000     66.459261     0
0     4.706499     67.093629     0
0     6.350000     67.310000     0
Importer Log Report
Project : C:\Users\Toby\Documents\GitHub\smartstand\projects\usb-dac-amplifier-rev-b\smartstand-usb-dac-amplifier-rev-b.PrjPcb
Importer Log Report
Project : C:\Users\Toby\Documents\GitHub\smartstand\projects\usb-dac-amplifier-rev-b\smartstand-usb-dac-amplifier-rev-b.PrjPcb
