########### array before sorts ###########
0	0.000000	21.590000	0.000000	3.810000	n
1	0.000000	3.810000	0.129823	2.823899	n
2	0.129823	2.823899	0.510443	1.905000	n
3	0.510443	1.905000	1.115923	1.115923	n
4	1.115923	1.115923	1.905000	0.510443	n
5	1.905000	0.510443	2.823899	0.129823	n
6	2.823899	0.129823	3.810000	0.000000	n
7	3.810000	0.000000	21.590000	0.000000	n
8	21.590000	0.000000	22.576101	0.129823	n
9	22.576101	0.129823	23.495000	0.510443	n
10	23.495000	0.510443	24.284077	1.115923	n
11	24.284077	1.115923	24.889557	1.905000	n
12	24.889557	1.905000	25.270177	2.823899	n
13	25.270177	2.823899	25.400000	3.810000	n
14	25.400000	3.810000	25.400000	21.590000	n
15	25.400000	21.590000	25.270177	22.576101	n
16	25.270177	22.576101	24.889557	23.495000	n
17	24.889557	23.495000	24.284077	24.284077	n
18	24.284077	24.284077	23.495000	24.889557	n
19	23.495000	24.889557	22.576101	25.270177	n
20	22.576101	25.270177	21.590000	25.400000	n
21	21.590000	25.400000	3.810000	25.400000	n
22	3.810000	25.400000	2.823899	25.270177	n
23	2.823899	25.270177	1.905000	24.889557	n
24	1.905000	24.889557	1.115923	24.284077	n
25	1.115923	24.284077	0.510443	23.495000	n
26	0.510443	23.495000	0.129823	22.576101	n
27	0.129823	22.576101	0.000000	21.590000	n
Tolerance=0.050000.
*Exact match for i=0 and j=1.
*i point 0.000000	21.590000	0.000000	3.810000	y
*Exact match for i=1 and j=2.
*i point 0.000000	3.810000	0.129823	2.823899	y
*Exact match for i=2 and j=3.
*i point 0.129823	2.823899	0.510443	1.905000	y
*Exact match for i=3 and j=4.
*i point 0.510443	1.905000	1.115923	1.115923	y
*Exact match for i=4 and j=5.
*i point 1.115923	1.115923	1.905000	0.510443	y
*Exact match for i=5 and j=6.
*i point 1.905000	0.510443	2.823899	0.129823	y
*Exact match for i=6 and j=7.
*i point 2.823899	0.129823	3.810000	0.000000	y
*Exact match for i=7 and j=8.
*i point 3.810000	0.000000	21.590000	0.000000	y
*Exact match for i=8 and j=9.
*i point 21.590000	0.000000	22.576101	0.129823	y
*Exact match for i=9 and j=10.
*i point 22.576101	0.129823	23.495000	0.510443	y
*Exact match for i=10 and j=11.
*i point 23.495000	0.510443	24.284077	1.115923	y
*Exact match for i=11 and j=12.
*i point 24.284077	1.115923	24.889557	1.905000	y
*Exact match for i=12 and j=13.
*i point 24.889557	1.905000	25.270177	2.823899	y
*Exact match for i=13 and j=14.
*i point 25.270177	2.823899	25.400000	3.810000	y
*Exact match for i=14 and j=15.
*i point 25.400000	3.810000	25.400000	21.590000	y
*Exact match for i=15 and j=16.
*i point 25.400000	21.590000	25.270177	22.576101	y
*Exact match for i=16 and j=17.
*i point 25.270177	22.576101	24.889557	23.495000	y
*Exact match for i=17 and j=18.
*i point 24.889557	23.495000	24.284077	24.284077	y
*Exact match for i=18 and j=19.
*i point 24.284077	24.284077	23.495000	24.889557	y
*Exact match for i=19 and j=20.
*i point 23.495000	24.889557	22.576101	25.270177	y
*Exact match for i=20 and j=21.
*i point 22.576101	25.270177	21.590000	25.400000	y
*Exact match for i=21 and j=22.
*i point 21.590000	25.400000	3.810000	25.400000	y
*Exact match for i=22 and j=23.
*i point 3.810000	25.400000	2.823899	25.270177	y
*Exact match for i=23 and j=24.
*i point 2.823899	25.270177	1.905000	24.889557	y
*Exact match for i=24 and j=25.
*i point 1.905000	24.889557	1.115923	24.284077	y
*Exact match for i=25 and j=26.
*i point 1.115923	24.284077	0.510443	23.495000	y
*Exact match for i=26 and j=27.
*i point 0.510443	23.495000	0.129823	22.576101	y
########### array after sorts ###########
0	0.000000	21.590000	0.000000	3.810000	y
1	0.000000	3.810000	0.129823	2.823899	y
2	0.129823	2.823899	0.510443	1.905000	y
3	0.510443	1.905000	1.115923	1.115923	y
4	1.115923	1.115923	1.905000	0.510443	y
5	1.905000	0.510443	2.823899	0.129823	y
6	2.823899	0.129823	3.810000	0.000000	y
7	3.810000	0.000000	21.590000	0.000000	y
8	21.590000	0.000000	22.576101	0.129823	y
9	22.576101	0.129823	23.495000	0.510443	y
10	23.495000	0.510443	24.284077	1.115923	y
11	24.284077	1.115923	24.889557	1.905000	y
12	24.889557	1.905000	25.270177	2.823899	y
13	25.270177	2.823899	25.400000	3.810000	y
14	25.400000	3.810000	25.400000	21.590000	y
15	25.400000	21.590000	25.270177	22.576101	y
16	25.270177	22.576101	24.889557	23.495000	y
17	24.889557	23.495000	24.284077	24.284077	y
18	24.284077	24.284077	23.495000	24.889557	y
19	23.495000	24.889557	22.576101	25.270177	y
20	22.576101	25.270177	21.590000	25.400000	y
21	21.590000	25.400000	3.810000	25.400000	y
22	3.810000	25.400000	2.823899	25.270177	y
23	2.823899	25.270177	1.905000	24.889557	y
24	1.905000	24.889557	1.115923	24.284077	y
25	1.115923	24.284077	0.510443	23.495000	y
26	0.510443	23.495000	0.129823	22.576101	y
27	0.129823	22.576101	0.000000	21.590000	y
***************
.BOARD_OUTLINE UNOWNED
1.6
0     0.000000     21.590000     0
0     0.000000     3.810000     0
0     0.129823     2.823899     0
0     0.510443     1.905000     0
0     1.115923     1.115923     0
0     1.905000     0.510443     0
0     2.823899     0.129823     0
0     3.810000     0.000000     0
0     21.590000     0.000000     0
0     22.576101     0.129823     0
0     23.495000     0.510443     0
0     24.284077     1.115923     0
0     24.889557     1.905000     0
0     25.270177     2.823899     0
0     25.400000     3.810000     0
0     25.400000     21.590000     0
0     25.270177     22.576101     0
0     24.889557     23.495000     0
0     24.284077     24.284077     0
0     23.495000     24.889557     0
0     22.576101     25.270177     0
0     21.590000     25.400000     0
0     3.810000     25.400000     0
0     2.823899     25.270177     0
0     1.905000     24.889557     0
0     1.115923     24.284077     0
0     0.510443     23.495000     0
0     0.129823     22.576101     0
0     0.000000     21.590000     0
